NONE
NONE
250 25
NONE
NONE
100800 10080
102850 10285
10 1
690 69
10 1
10 1
NONE
NONE
80 8
5510 551
6940 694
NONE
430 43
NONE
98060 9806
65170 6517
160 16
920 92
NONE
60 6
77780 7778
NONE
880 88
10 1
520 52
80 8
810 81
70 7
40 4
NONE
795660 79566
NONE
NONE
62210 6221
5150 515
411240 41124
25950 2595
4780 478
NONE
64940 6494
1640 164
726810 72681
710 71
50 5
1070 107
755800 75580
108150 10815
57640 5764
110 11
10 1
10 1
694700 69470
920530 92053
870 87
6030 603
6950 695
NONE
NONE
NONE
870 87
6360 636
8280 828
10 1
NONE
310 31
17920 1792
510 51
342530 34253
NONE
772010 77201
282010 28201
NONE
44760 4476
501930 50193
80 8
90730 9073
72650 7265
4350 435
119180 11918
10 1
NONE
NONE
10 1
9990 999
NONE
20 2
40500 4050
678630 67863
50 5
NONE
4370 437
762860 76286
NONE
NONE
NONE
76280 7628
80 8
NONE
60 6
NONE
9520 952
80 8
NONE
NONE
NONE
5920 592
790 79
81280 8128
90 9
50 5
20 2
950490 95049
26300 2630
546330 54633
552500 55250
10 1
NONE
NONE
10 1
140 14
20420 2042
NONE
NONE
NONE
32740 3274
8980 898
11010 1101
260 26
73640 7364
NONE
NONE
NONE
733650 73365
1080 108
10 1
NONE
630 63
NONE
NONE
12550 1255
50 5
NONE
2340 234
6160 616
30 3
660 66
917490 91749
9980 998
11190 1119
9050 905
132510 13251
854550 85455
33000 3300
NONE
26130 2613
68530 6853
135750 13575
540 54
10 1
30 3
NONE
17510 1751
NONE
8580 858
NONE
NONE
590300 59030
10 1
30680 3068
636170 63617
238080 23808
220 22
10 1
6930 693
937730 93773
17660 1766
18690 1869
850220 85022
NONE
830 83
NONE
10 1
43750 4375
620540 62054
40 4
NONE
10 1
59400 5940
470 47
726990 72699
915610 91561
640 64
NONE
80 8
850 85