19029591700180250 1902959170018025
NONE
NONE
64533060659010260 6453306065901026
NONE
633322339814670540 63332233981467054
8153191150 815319115
10 1
19920 1992
8408564586790 840856458679
44410 4441
NONE
834530850760 83453085076
103514377624464970 10351437762446497
80518320 8051832
4208800 420880
147974680 14797468
310593250208330 31059325020833
1052596033259668830 105259603325966883
NONE
471980019214243790 47198001921424379
5397004410 539700441
86597498403894780 8659749840389478
103950750090 10395075009
NONE
5526710 552671
2470130 247013
66710 6671
19283070 1928307
NONE
1646111340 164611134
1001292580 100129258
38885830 3888583
25612489765605710 2561248976560571
61973137102020 6197313710202
NONE
290 29
150900 15090
5865619520220 586561952022
NONE
45557899029632400 4555789902963240
NONE
792960336697441850 79296033669744185
80 8
95327780 9532778
NONE
826953550 82695355
9921850 992185
24290 2429
NONE
91760187340457570 9176018734045757
NONE
600 60
NONE
45180833112220 4518083311222
120399452328390 12039945232839
20 2
499831819680 49983181968
10 1
174629446029137300 17462944602913730
10 1
322950 32295
53608223382752670 5360822338275267
5128759240 512875924
44289117730 4428911773
NONE
NONE
10 1
164950110603857220 16495011060385722
NONE
NONE
26840 2684
NONE
3490 349
8050 805
97128296311969720 9712829631196972
336030 33603
285198518654626150 28519851865462615
370925911718484280 37092591171848428
186929154346074410 18692915434607441
847079449050 84707944905
NONE
48250 4825
110108677599608060 11010867759960806
NONE
40 4
47600700 4760070
10 1
NONE
540 54
280 28
45960728430 4596072843
2612530050 261253005
10056151514187830 1005615151418783
20460 2046
NONE
6325652422203340 632565242220334
NONE
40 4
120900 12090
NONE
2029481814550 202948181455
NONE
25310343220 2531034322
4580330 458033
NONE
1005910 100591
NONE
180798420769310 18079842076931
9929292271648030 992929227164803
NONE
NONE
NONE
492771157335190740 49277115733519074
105051970195560 10505197019556
NONE
848640 84864
106048214808993040 10604821480899304
89240383120 8924038312
NONE
105150 10515
142022049350 14202204935
NONE
549359379420 54935937942
780154575081630 78015457508163
110 11
62240269701815020 6224026970181502
8008098991552330 800809899155233
NONE
NONE
39654350 3965435
983337441989760 98333744198976
NONE
177258820 17725882
756329243833650 75632924383365
1011914000 101191400
689884460344680 68988446034468
1599271440 159927144
38927824501300 3892782450130
9747046418548160 974704641854816
40 4
716155253353950 71615525335395
1524210 152421
94250 9425
83291608915400 8329160891540
97746374795230 9774637479523
2286750 228675
10710 1071
799187250 79918725
NONE
99760 9976
9078046472240 907804647224
690 69
614422959660 61442295966
NONE
NONE
2576080 257608
3844291360 384429136
NONE
3961679090 396167909
NONE
10 1
10 1
2657146817811060 265714681781106
729553111094708970 72955311109470897
8799070 879907
1898801553310 189880155331
NONE
NONE
30 3
10 1
NONE
4536380 453638
NONE
NONE
NONE
98577250 9857725
770 77
NONE
424533567946170 42453356794617
68738290210 6873829021
NONE
NONE
70193998234197750 7019399823419775
10 1
NONE
977505222161250 97750522216125
1500645980480 150064598048
803220 80322
50 5
NONE
33925740800670 3392574080067
NONE
103837086513246270 10383708651324627
NONE
314680150542217330 31468015054221733
2047366857290 204736685729
844663012030800 84466301203080
10 1
NONE