588.000000000000
177.941176470588
102.127659574468
66.274509803922
60.573476702509
2100.000000000000
2222.222222222222
1400.000000000000
741.025641025641
168.965517241379
49.794238683128
564.062500000000
253.508771929825
851.063829787234
1960.000000000000
152.320675105485
370.370370370370
1280.000000000000
119.047619047619
1336.363636363636
310.077519379845
593.939393939394
93.772893772894
49.794238683128
300.000000000000
276.923076923077
1633.333333333333
816.666666666667
900.000000000000
192.307692307692