6 30
7 394
4 462
5 370
7 4
1 0
5 46
6 64
10 872
8 142
8 48
5 96
4 400
10 156
10 0
8 260
6 22
6 8
7 2778
1 0
5 108
8 246
10 440
10 96
10 264
5 0
4 14
9 0
1 0
9 0
6 22
2 160
3 688
3 1984
2 40
2 194
9 58
8 924
3 124
7 310
6 40
9 550
8 78
6 2632
3 32
2 66
4 20
9 16
7 406
7 98
3 22
10 146
2 90
1 0
6 252
7 0
2 58
5 206
10 870
2 930
9 0
8 0
6 2898
6 2140
1 0
10 20
2 2070
4 0
5 8
4 432
4 0
6 2728
10 54
5 0
3 376
5 0
7 406
8 134
7 58
1 0
10 2728
7 0
8 434
6 606
10 288
4 92
3 0
4 754
4 12
3 74
5 258
7 608
5 0
5 614
2 2352
4 0
10 246
9 494
3 192
9 2852