56 1488
37 700
26 598
27 837
22 836
26 686
20 606
22 861
12 1158
16 665
20 654
16 140
1 0
11 2472
36 767
20 1327
22 1005
22 868
26 694
53 1098
13 1144
61 1338
57 1216
13 1174
11 122
12 1183
27 817
18 1228
13 136
1 0
22 907
22 828
18 1205
16 312
31 2264
21 570
22 882
13 1285
28 986
13 1147
43 1054
17 524
58 1288
1 0
39 1234
21 856
17 965
28 673
3 2788
14 886
19 427
18 1100
57 1420
27 400
21 220
58 1136
24 1177
1 0
60 1654
26 435
22 954
17 920
16 880
62 1378
6 2954
21 783
53 2494
17 970
2 0
17 849
1 0
17 956
13 1161
28 569
33 1126
4 0
21 452
15 760
23 937
62 1406
29 462
15 322
1 0
28 803
23 950
60 1504
27 816
28 850
2 324
10 422
1 0
2 188
22 1101
16 873
4 192
17 894
22 931
3 2340
6 202
21 697