125 30300
4 220500
88 27964
108 46244
171 68776
1 0
62 92300
166 35730
34 62700
75 64325
203 59986
51 91391
80 48389
15 253724
93 49581
204 62184
44 104257
81 64599
4 0
6 13698
16 26578
10 5484
89 70572
88 82473
47 78127
91 290324
199 55558
12 708
6 732
154 48232
86 57871
50 97036
60 82037
1 0
166 48304
112 40316
1 0
176 61491
1 0
52 20938
88 84993
86 55627
62 88765
37 119451
142 42804
87 49950
202 65489
28 330
3 306
96 67465
56 78563
83 56113
53 121654
5 9918
59 90157
74 22028
174 80434
67 65853
68 57498
51 92753
64 93043
2 3096
22 4522
95 55585
80 70504
26 5602
2 5636
31 18212
111 38666
128 41880
3 632
4 554
83 58439
96 74915
86 40434
109 24478
93 47314
202 54618
56 40362
35 120420
49 14328
60 72906
85 50672
1 0
69 82376
122 32592
167 49586
2 4124
63 60965
70 40126
60 40109
78 49006
71 79083
140 44150
109 27098
35 82060
79 85824
205 67082
1 0
2 233772